p/270_1284_1666287298.8769116.png 1 0 0 180 120
p/269_1152_1666287298.7015817.png 1 0 0 180 120
p/268_523_1666287298.5425746.png 1 0 0 180 120
p/267_974_1666287298.3835313.png 1 0 0 180 120
p/266_1047_1666287298.206367.png 1 0 0 180 120
p/265_530_1666287298.0447116.png 1 0 0 180 120
p/264_2959_1666287297.5332296.png 1 0 0 180 120
p/263_3077_1666287297.3741627.png 1 0 0 180 120
p/262_3014_1666287297.2166345.png 1 0 0 180 120
p/261_3062_1666287297.0369172.png 1 0 0 180 120
p/260_2920_1666287296.8788393.png 1 0 0 180 120
p/259_3124_1666287296.6995666.png 1 0 0 180 120
p/258_2902_1666287296.5425835.png 1 0 0 180 120
p/257_2814_1666287296.3670743.png 1 0 0 180 120
p/256_2733_1666287296.2078218.png 1 0 0 180 120
p/255_2713_1666287296.0464776.png 1 0 0 180 120
p/254_2751_1666287295.8718805.png 1 0 0 180 120
p/253_835_1666287295.7108438.png 1 0 0 180 120
p/252_596_1666287295.5334613.png 1 0 0 180 120
p/251_988_1666287295.3715246.png 1 0 0 180 120
p/250_1862_1666287295.1965296.png 1 0 0 180 120
p/249_1661_1666287295.0398066.png 1 0 0 180 120
p/248_1665_1666287294.8788097.png 1 0 0 180 120
p/247_953_1666287294.7015684.png 1 0 0 180 120
p/246_1397_1666287294.3667495.png 1 0 0 180 120
p/245_549_1666287294.2053373.png 1 0 0 180 120
p/244_960_1666287294.046627.png 1 0 0 180 120
p/243_1040_1666287293.8726225.png 1 0 0 180 120
p/242_3469_1666287293.7070563.png 1 0 0 180 120
p/241_3781_1666287293.536605.png 1 0 0 180 120
p/240_3640_1666287293.375558.png 1 0 0 180 120
p/239_3673_1666287293.1978393.png 1 0 0 180 120
p/238_3790_1666287293.0379622.png 1 0 0 180 120
p/237_3602_1666287292.8768487.png 1 0 0 180 120
p/236_3299_1666287292.7035818.png 1 0 0 180 120
p/235_3301_1666287292.5438628.png 1 0 0 180 120
p/234_3382_1666287292.3635914.png 1 0 0 180 120
p/233_2979_1666287292.2073996.png 1 0 0 180 120
p/232_2062_1666287292.0297582.png 1 0 0 180 120
p/231_2273_1666287291.8716226.png 1 0 0 180 120
p/230_1636_1666287291.7098534.png 1 0 0 180 120
p/229_1198_1666287291.5332355.png 1 0 0 180 120
p/228_1380_1666287291.3738956.png 1 0 0 180 120
p/227_2468_1666287291.1969984.png 1 0 0 180 120
p/226_2343_1666287291.0384405.png 1 0 0 180 120
p/225_2006_1666287290.8628948.png 1 0 0 180 120
p/224_952_1666287290.702566.png 1 0 0 180 120
p/223_686_1666287290.3665454.png 1 0 0 180 120
p/222_1578_1666287290.2080176.png 1 0 0 180 120
p/221_1082_1666287290.0288658.png 1 0 0 180 120
p/220_2939_1666287289.8688142.png 1 0 0 180 120
p/219_872_1666287289.6901174.png 1 0 0 180 120
p/218_1042_1666287289.5276845.png 1 0 0 180 120
p/217_2643_1666287289.3677611.png 1 0 0 180 120
p/216_2166_1666287289.197084.png 1 0 0 180 120
p/215_1727_1666287289.0383737.png 1 0 0 180 120
p/214_831_1666287288.8615675.png 1 0 0 180 120
p/213_1554_1666287288.7026079.png 1 0 0 180 120
p/212_3330_1666287288.543587.png 1 0 0 180 120
p/211_3851_1666287288.3675032.png 1 0 0 180 120
p/210_3936_1666287288.206657.png 1 0 0 180 120
p/209_3680_1666287288.0295808.png 1 0 0 180 120
p/208_3806_1666287287.7731826.png 1 0 0 180 120
p/207_3355_1666287287.5988886.png 1 0 0 180 120
p/206_3391_1666287287.4347887.png 1 0 0 180 120
p/205_2750_1666287287.2621024.png 1 0 0 180 120
p/204_3274_1666287287.1012309.png 1 0 0 180 120
p/203_3791_1666287286.9267073.png 1 0 0 180 120
p/202_1413_1666287286.7667725.png 1 0 0 180 120
p/201_1750_1666287286.6079187.png 1 0 0 180 120
p/200_2503_1666287286.4318533.png 1 0 0 180 120
p/199_2891_1666287286.2696502.png 1 0 0 180 120
p/198_1680_1666287286.0883236.png 1 0 0 180 120
p/197_1127_1666287284.925734.png 1 0 0 180 120
p/196_840_1666287284.6074455.png 1 0 0 180 120
p/195_1775_1666287284.4318666.png 1 0 0 180 120
p/194_1619_1666287284.2695668.png 1 0 0 180 120
p/193_2238_1666287284.0946293.png 1 0 0 180 120
p/192_805_1666287283.9354563.png 1 0 0 180 120
p/191_750_1666287283.599892.png 1 0 0 180 120
p/190_530_1666287283.438882.png 1 0 0 180 120
p/188_1707_1666287281.935649.png 1 0 0 180 120
p/187_883_1666287281.7597296.png 1 0 0 180 120
p/186_2026_1666287281.5971384.png 1 0 0 180 120
p/185_1690_1666287281.4214964.png 1 0 0 180 120
p/184_2132_1666287281.2581391.png 1 0 0 180 120
p/183_1206_1666287281.1035287.png 1 0 0 180 120
p/182_1351_1666287280.9250357.png 1 0 0 180 120
p/181_1103_1666287280.7676282.png 1 0 0 180 120
p/180_1502_1666287280.590816.png 1 0 0 180 120
p/179_1541_1666287280.4296238.png 1 0 0 180 120
p/178_1233_1666287280.2556577.png 1 0 0 180 120
p/177_592_1666287280.0928888.png 1 0 0 180 120
p/176_1096_1666287279.9362895.png 1 0 0 180 120
p/175_856_1666287279.7578113.png 1 0 0 180 120
p/174_2056_1666287279.2618449.png 1 0 0 180 120
p/173_666_1666287278.7665138.png 1 0 0 180 120
p/172_745_1666287278.4308734.png 1 0 0 180 120
p/168_892_1666287277.0835922.png 1 0 0 180 120
p/167_1342_1666287276.925771.png 1 0 0 180 120
p/166_878_1666287276.5887818.png 1 0 0 180 120
p/165_1064_1666287276.4295475.png 1 0 0 180 120
p/164_1144_1666287276.2526438.png 1 0 0 180 120
p/163_672_1666287276.094623.png 1 0 0 180 120
p/162_3780_1666287275.9189317.png 1 0 0 180 120
p/113_2273_1666287267.7546246.png 1 0 0 180 120
p/112_3971_1666287267.614081.png 1 0 0 180 120
p/111_2684_1666287267.4215856.png 1 0 0 180 120
p/110_5389_1666287267.279852.png 1 0 0 180 120
p/109_4770_1666287267.0879686.png 1 0 0 180 120
p/108_5567_1666287266.9396183.png 1 0 0 180 120
p/107_3999_1666287266.7837837.png 1 0 0 180 120
p/106_2750_1666287266.5906708.png 1 0 0 180 120
p/105_3563_1666287266.447378.png 1 0 0 180 120
p/104_3652_1666287266.2548487.png 1 0 0 180 120
p/103_4532_1666287266.1266499.png 1 0 0 180 120
p/102_3564_1666287265.917812.png 1 0 0 180 120
p/101_3076_1666287265.7727914.png 1 0 0 180 120
p/100_1634_1666287265.6146939.png 1 0 0 180 120
p/99_1875_1666287265.4232965.png 1 0 0 180 120
p/98_2579_1666287265.278916.png 1 0 0 180 120
p/97_1653_1666287264.7828627.png 1 0 0 180 120
p/96_1123_1666287264.4446065.png 1 0 0 180 120
p/95_1557_1666287264.2527466.png 1 0 0 180 120
p/94_2423_1666287264.1092343.png 1 0 0 180 120
p/93_858_1666287263.9137676.png 1 0 0 180 120
p/92_3097_1666287263.7916.png 1 0 0 180 120
p/91_2465_1666287263.6148794.png 1 0 0 180 120
p/90_565_1666287263.4251351.png 1 0 0 180 120
p/89_707_1666287263.275538.png 1 0 0 180 120
p/88_1062_1666287263.0856535.png 1 0 0 180 120
p/87_2555_1666287262.9425015.png 1 0 0 180 120
p/86_1294_1666287262.7825909.png 1 0 0 180 120
p/85_1894_1666287262.621536.png 1 0 0 180 120
p/84_3163_1666287262.4423406.png 1 0 0 180 120
p/83_961_1666287262.2602565.png 1 0 0 180 120
p/82_1204_1666287262.1122615.png 1 0 0 180 120
p/81_3603_1666287261.9181197.png 1 0 0 180 120
p/80_2849_1666287261.773498.png 1 0 0 180 120
p/79_2319_1666287261.614043.png 1 0 0 180 120
p/78_509_1666287261.4396498.png 1 0 0 180 120
p/77_844_1666287261.2800703.png 1 0 0 180 120
p/76_2345_1666287261.0847874.png 1 0 0 180 120
p/75_827_1666287260.941818.png 1 0 0 180 120
p/74_2140_1666287260.782373.png 1 0 0 180 120
p/73_708_1666287260.445134.png 1 0 0 180 120
p/66_719_1666287258.6038992.png 1 0 0 180 120
p/65_735_1666287258.4463308.png 1 0 0 180 120
p/64_1061_1666287258.106666.png 1 0 0 180 120
p/63_1624_1666287257.9145496.png 1 0 0 180 120
p/62_712_1666287257.7726781.png 1 0 0 180 120
p/61_1115_1666287257.6133509.png 1 0 0 180 120
p/60_545_1666287257.4365823.png 1 0 0 180 120
p/59_4506_1666287257.286327.png 1 0 0 180 120
p/58_3623_1666287257.1188397.png 1 0 0 180 120
p/57_3824_1666287256.9435868.png 1 0 0 180 120
p/56_5088_1666287256.7797883.png 1 0 0 180 120
p/55_5265_1666287256.6075714.png 1 0 0 180 120
p/54_5165_1666287256.4466116.png 1 0 0 180 120
p/53_4961_1666287256.2675562.png 1 0 0 180 120
p/52_5269_1666287256.110833.png 1 0 0 180 120
p/51_5103_1666287255.9348578.png 1 0 0 180 120
p/50_4100_1666287255.7757552.png 1 0 0 180 120
p/49_4687_1666287255.6108706.png 1 0 0 180 120
p/48_5289_1666287255.4317513.png 1 0 0 180 120
p/47_5290_1666287255.2754796.png 1 0 0 180 120
p/46_5184_1666287255.1154313.png 1 0 0 180 120
p/45_4890_1666287254.938996.png 1 0 0 180 120
p/44_5276_1666287254.7816074.png 1 0 0 180 120
p/43_5254_1666287254.6038074.png 1 0 0 180 120
p/42_5145_1666287254.4455705.png 1 0 0 180 120
p/41_5141_1666287254.2688978.png 1 0 0 180 120
p/40_5245_1666287254.1098502.png 1 0 0 180 120
p/39_3815_1666287253.9501367.png 1 0 0 180 120
p/38_4439_1666287253.775744.png 1 0 0 180 120
p/37_4612_1666287253.6147938.png 1 0 0 180 120
p/36_3566_1666287253.437835.png 1 0 0 180 120
p/35_2298_1666287253.2783577.png 1 0 0 180 120
p/34_2835_1666287253.1035914.png 1 0 0 180 120
p/33_3001_1666287252.9396026.png 1 0 0 180 120
p/32_1681_1666287252.7834592.png 1 0 0 180 120
p/31_1941_1666287252.6067572.png 1 0 0 180 120
p/30_1404_1666287252.4456122.png 1 0 0 180 120
p/29_1184_1666287252.2703705.png 1 0 0 180 120
p/28_612_1666287252.110683.png 1 0 0 180 120
p/27_1391_1666287251.9325836.png 1 0 0 180 120
p/26_4187_1666287251.7725172.png 1 0 0 180 120
p/25_1233_1666287251.614797.png 1 0 0 180 120
p/24_597_1666287251.4379396.png 1 0 0 180 120
p/23_842_1666287251.2745564.png 1 0 0 180 120
p/22_1401_1666287251.1025298.png 1 0 0 180 120
p/21_2497_1666287250.9414515.png 1 0 0 180 120
p/20_752_1666287250.7636135.png 1 0 0 180 120
p/19_4389_1666287250.6058204.png 1 0 0 180 120
p/18_5077_1666287250.4454026.png 1 0 0 180 120
p/17_5332_1666287250.2691503.png 1 0 0 180 120
p/16_5743_1666287250.1094651.png 1 0 0 180 120
p/15_4982_1666287249.9312387.png 1 0 0 180 120
p/14_5175_1666287249.7725234.png 1 0 0 180 120
p/13_1245_1666287249.5973954.png 1 0 0 180 120
p/12_1362_1666287249.4373116.png 1 0 0 180 120
p/11_2061_1666287249.2765808.png 1 0 0 180 120
p/10_5054_1666287249.1006641.png 1 0 0 180 120
p/9_3989_1666287248.9396014.png 1 0 0 180 120
p/8_1387_1666287248.763984.png 1 0 0 180 120
p/7_4881_1666287248.6035852.png 1 0 0 180 120
p/6_3349_1666287248.4435937.png 1 0 0 180 120
p/5_587_1666287248.267109.png 1 0 0 180 120
p/4_3572_1666287248.10898.png 1 0 0 180 120
p/3_4021_1666287247.932636.png 1 0 0 180 120
p/2_5557_1666287247.7710032.png 1 0 0 180 120
p/1_3233_1666287247.5953977.png 1 0 0 180 120
p/0_1143_1666287247.4338875.png 1 0 0 180 120
p/86_624_1666287142.6876464.png 1 0 0 180 120
p/85_557_1666287142.5129313.png 1 0 0 180 120
p/84_623_1666287142.3566515.png 1 0 0 180 120
p/83_640_1666287142.1808062.png 1 0 0 180 120
p/82_625_1666287142.015312.png 1 0 0 180 120
p/81_620_1666287141.860651.png 1 0 0 180 120
p/80_597_1666287141.683173.png 1 0 0 180 120
p/79_582_1666287141.5247622.png 1 0 0 180 120
p/78_507_1666287141.3500502.png 1 0 0 180 120
p/77_510_1666287141.1876442.png 1 0 0 180 120
p/76_521_1666287141.012634.png 1 0 0 180 120
p/75_516_1666287140.8496797.png 1 0 0 180 120
p/74_511_1666287140.6938593.png 1 0 0 180 120
p/73_510_1666287140.5154047.png 1 0 0 180 120
p/72_536_1666287140.355659.png 1 0 0 180 120
p/71_777_1666287128.5178783.png 1 0 0 180 120
p/70_889_1666287128.3416264.png 1 0 0 180 120
p/69_690_1666287128.179629.png 1 0 0 180 120
p/68_836_1666287128.0052705.png 1 0 0 180 120
p/67_1037_1666287127.845241.png 1 0 0 180 120
p/66_1031_1666287127.6844492.png 1 0 0 180 120
p/65_1003_1666287127.509904.png 1 0 0 180 120
p/64_1045_1666287127.3488774.png 1 0 0 180 120
p/63_1093_1666287127.171741.png 1 0 0 180 120
p/62_1087_1666287127.0098934.png 1 0 0 180 120
p/61_1153_1666287126.8368819.png 1 0 0 180 120
p/60_1203_1666287126.67584.png 1 0 0 180 120
p/59_1116_1666287126.5165.png 1 0 0 180 120
p/58_1159_1666287126.341387.png 1 0 0 180 120
p/57_1198_1666287126.1754336.png 1 0 0 180 120
p/56_1183_1666287126.0037768.png 1 0 0 180 120
p/55_1163_1666287125.8446414.png 1 0 0 180 120
p/54_727_1666287125.6666095.png 1 0 0 180 120
p/53_1035_1666287125.5100987.png 1 0 0 180 120
p/52_1040_1666287125.3468869.png 1 0 0 180 120
p/51_828_1666287125.1716805.png 1 0 0 180 120
p/50_951_1666287125.0136507.png 1 0 0 180 120
p/49_989_1666287124.8354683.png 1 0 0 180 120
p/48_980_1666287124.67727.png 1 0 0 180 120
p/47_963_1666287124.500836.png 1 0 0 180 120
p/46_991_1666287124.3354323.png 1 0 0 180 120
p/45_966_1666287124.1738212.png 1 0 0 180 120
p/44_982_1666287124.0016656.png 1 0 0 180 120
p/43_997_1666287123.8437982.png 1 0 0 180 120
p/42_1016_1666287123.6698532.png 1 0 0 180 120
p/41_990_1666287123.5072622.png 1 0 0 180 120
p/40_1035_1666287123.349905.png 1 0 0 180 120
p/39_675_1666287123.1692836.png 1 0 0 180 120
p/38_1116_1666287123.0130596.png 1 0 0 180 120
p/37_1504_1666287122.8353426.png 1 0 0 180 120
p/36_812_1666287122.6701367.png 1 0 0 180 120
p/35_898_1666287122.500242.png 1 0 0 180 120
p/34_802_1666287122.3386426.png 1 0 0 180 120
p/33_830_1666287122.0047128.png 1 0 0 180 120
p/32_732_1666287121.844733.png 1 0 0 180 120
p/31_817_1666287121.6674764.png 1 0 0 180 120
p/30_551_1666287118.676657.png 1 0 0 180 120
p/29_532_1666287118.5018249.png 1 0 0 180 120
p/28_511_1666287118.3402078.png 1 0 0 180 120
p/27_644_1666287116.3411236.png 1 0 0 180 120
p/26_573_1666287116.1657386.png 1 0 0 180 120
p/25_780_1666287116.0048993.png 1 0 0 180 120
p/24_702_1666287115.8756316.png 1 0 0 180 120
p/23_713_1666287115.6649563.png 1 0 0 180 120
p/22_575_1666287098.0208666.png 1 0 0 180 120
p/21_563_1666287097.8573296.png 1 0 0 180 120
p/20_580_1666287097.6846318.png 1 0 0 180 120
p/19_831_1666287097.5248618.png 1 0 0 180 120
p/18_840_1666287097.3488867.png 1 0 0 180 120
p/17_820_1666287097.1883678.png 1 0 0 180 120
p/16_854_1666287097.0288658.png 1 0 0 180 120
p/15_831_1666287096.8516076.png 1 0 0 180 120
p/14_806_1666287096.6897125.png 1 0 0 180 120
p/13_784_1666287096.516687.png 1 0 0 180 120
p/12_848_1666287096.353855.png 1 0 0 180 120
p/11_832_1666287096.1808858.png 1 0 0 180 120
p/10_843_1666287096.0208879.png 1 0 0 180 120
p/9_806_1666287095.8616552.png 1 0 0 180 120
p/8_834_1666287095.6814976.png 1 0 0 180 120
p/7_788_1666287095.5229056.png 1 0 0 180 120
p/6_773_1666287095.3488057.png 1 0 0 180 120
p/5_599_1666287094.6908624.png 1 0 0 180 120
p/4_643_1666287094.5161695.png 1 0 0 180 120
p/3_730_1666287093.1817892.png 1 0 0 180 120
p/2_928_1666287092.718265.png 1 0 0 180 120
p/1_507_1666287092.5103974.png 1 0 0 180 120
p/0_735_1666287092.3775988.png 1 0 0 180 120
p/94_653_1666279753.9263053.png 1 0 0 180 120
p/93_918_1666279718.2643013.png 1 0 0 180 120
p/92_958_1666279717.928923.png 1 0 0 180 120
p/91_876_1666279717.5855167.png 1 0 0 180 120
p/90_862_1666279717.2704258.png 1 0 0 180 120
p/89_844_1666279716.9305122.png 1 0 0 180 120
p/88_808_1666279716.5996718.png 1 0 0 180 120
p/87_558_1666279715.9260397.png 1 0 0 180 120
p/86_596_1666279715.5907097.png 1 0 0 180 120
p/85_602_1666279715.254413.png 1 0 0 180 120
p/84_627_1666279714.9348063.png 1 0 0 180 120
p/83_676_1666279713.5899448.png 1 0 0 180 120
p/82_664_1666279713.2533705.png 1 0 0 180 120
p/81_647_1666279712.929308.png 1 0 0 180 120
p/80_507_1666279712.5997665.png 1 0 0 180 120
p/79_583_1666279702.913329.png 1 0 0 180 120
p/78_537_1666279702.583744.png 1 0 0 180 120
p/77_983_1666279684.9299502.png 1 0 0 180 120
p/76_542_1666279684.616004.png 1 0 0 180 120
p/75_1706_1666279679.2714677.png 1 0 0 180 120
p/74_615_1666279675.9217918.png 1 0 0 180 120
p/73_700_1666279675.5919552.png 1 0 0 180 120
p/72_926_1666279625.923994.png 1 0 0 180 120
p/71_670_1666279625.5921726.png 1 0 0 180 120
p/70_544_1666279625.2727046.png 1 0 0 180 120
p/69_1472_1666279624.9284775.png 1 0 0 180 120
p/68_1671_1666279624.6001804.png 1 0 0 180 120
p/67_1652_1666279624.2658057.png 1 0 0 180 120
p/66_1640_1666279623.9300375.png 1 0 0 180 120
p/65_1656_1666279623.594575.png 1 0 0 180 120
p/64_1631_1666279623.2588007.png 1 0 0 180 120
p/63_1598_1666279622.9302447.png 1 0 0 180 120
p/62_1762_1666279622.599741.png 1 0 0 180 120
p/61_1502_1666279621.92399.png 1 0 0 180 120
p/60_1441_1666279621.5868032.png 1 0 0 180 120
p/59_841_1666279621.2515228.png 1 0 0 180 120
p/58_880_1666279620.932722.png 1 0 0 180 120
p/57_971_1666279620.6005116.png 1 0 0 180 120
p/56_1005_1666279620.2637527.png 1 0 0 180 120
p/55_1002_1666279619.9224865.png 1 0 0 180 120
p/54_983_1666279619.5865963.png 1 0 0 180 120
p/53_908_1666279619.2576776.png 1 0 0 180 120
p/52_887_1666279618.9146044.png 1 0 0 180 120
p/51_1007_1666279618.6007736.png 1 0 0 180 120
p/50_673_1666279618.2661736.png 1 0 0 180 120
p/49_1580_1666279617.928435.png 1 0 0 180 120
p/48_2040_1666279617.5940652.png 1 0 0 180 120
p/47_1945_1666279617.2570746.png 1 0 0 180 120
p/46_2136_1666279616.9221838.png 1 0 0 180 120
p/45_2037_1666279616.5849586.png 1 0 0 180 120
p/44_2114_1666279616.2653005.png 1 0 0 180 120
p/43_2039_1666279615.9300106.png 1 0 0 180 120
p/42_1958_1666279615.5937402.png 1 0 0 180 120
p/41_1937_1666279615.256832.png 1 0 0 180 120
p/40_1996_1666279614.9143841.png 1 0 0 180 120
p/39_1898_1666279614.581197.png 1 0 0 180 120
p/38_1861_1666279614.2647963.png 1 0 0 180 120
p/37_1656_1666279613.9290419.png 1 0 0 180 120
p/36_625_1666279613.5893474.png 1 0 0 180 120
p/34_537_1666279611.5906904.png 1 0 0 180 120
p/33_552_1666279611.2566345.png 1 0 0 180 120
p/32_568_1666279610.9125974.png 1 0 0 180 120
p/31_784_1666279610.5845618.png 1 0 0 180 120
p/30_785_1666279610.249723.png 1 0 0 180 120
p/29_843_1666279609.9299548.png 1 0 0 180 120
p/28_814_1666279609.5867698.png 1 0 0 180 120
p/27_795_1666279609.2522385.png 1 0 0 180 120
p/26_819_1666279608.9170957.png 1 0 0 180 120
p/25_812_1666279608.5867429.png 1 0 0 180 120
p/24_798_1666279608.2480168.png 1 0 0 180 120
p/23_756_1666279607.9081209.png 1 0 0 180 120
p/22_776_1666279607.5935528.png 1 0 0 180 120
p/21_758_1666279607.2507572.png 1 0 0 180 120
p/20_768_1666279606.9214532.png 1 0 0 180 120
p/19_754_1666279606.583475.png 1 0 0 180 120
p/18_758_1666279606.2439473.png 1 0 0 180 120
p/17_710_1666279605.9105947.png 1 0 0 180 120
p/16_676_1666279605.575768.png 1 0 0 180 120
p/15_617_1666279605.2548146.png 1 0 0 180 120
p/14_673_1666279604.914422.png 1 0 0 180 120
p/13_629_1666279604.583196.png 1 0 0 180 120
p/12_613_1666279604.2468703.png 1 0 0 180 120
p/11_628_1666279603.9127052.png 1 0 0 180 120
p/10_654_1666279603.5769851.png 1 0 0 180 120
p/9_633_1666279603.2750754.png 1 0 0 180 120
p/8_603_1666279602.9189494.png 1 0 0 180 120
p/7_664_1666279602.5790877.png 1 0 0 180 120
p/6_628_1666279602.248993.png 1 0 0 180 120
p/5_578_1666279601.9074063.png 1 0 0 180 120
p/4_580_1666279601.2870774.png 1 0 0 180 120
p/3_622_1666279600.5857008.png 1 0 0 180 120
p/17_1086_1666279452.107201.png 1 0 0 180 120
p/16_606_1666279446.1081588.png 1 0 0 180 120
p/15_516_1666279441.772478.png 1 0 0 180 120
p/14_535_1666279436.7650273.png 1 0 0 180 120
p/13_796_1666279423.7508156.png 1 0 0 180 120
p/12_736_1666279421.7547102.png 1 0 0 180 120
p/11_774_1666279421.420206.png 1 0 0 180 120
p/10_593_1666279420.7795022.png 1 0 0 180 120
p/9_918_1666279420.4395037.png 1 0 0 180 120
p/8_632_1666279417.4191663.png 1 0 0 180 120
p/7_1591_1666279412.1073291.png 1 0 0 180 120
p/6_808_1666279411.7659957.png 1 0 0 180 120
p/5_1507_1666279411.4348278.png 1 0 0 180 120
p/4_577_1666279406.4390745.png 1 0 0 180 120
p/3_1077_1666279406.108195.png 1 0 0 180 120
p/2_554_1666279405.431647.png 1 0 0 180 120
p/1_516_1666279398.085225.png 1 0 0 180 120
p/0_538_1666279397.7660785.png 1 0 0 180 120